[2025-01-30 20:17:42Z INFO HostContext] No proxy settings were found based on environmental variables (http_proxy/https_proxy/HTTP_PROXY/HTTPS_PROXY)
[2025-01-30 20:17:42Z INFO HostContext] Well known directory 'Bin': '/home/david/Documents/_David/_Coursera/LinuxSystemProgramming/assignments-Urususu/bin'
[2025-01-30 20:17:42Z INFO HostContext] Well known directory 'Root': '/home/david/Documents/_David/_Coursera/LinuxSystemProgramming/assignments-Urususu'
[2025-01-30 20:17:42Z INFO HostContext] Well known config file 'Credentials': '/home/david/Documents/_David/_Coursera/LinuxSystemProgramming/assignments-Urususu/.credentials'
[2025-01-30 20:17:42Z INFO HostContext] Well known directory 'Bin': '/home/david/Documents/_David/_Coursera/LinuxSystemProgramming/assignments-Urususu/bin'
[2025-01-30 20:17:42Z INFO HostContext] Well known directory 'Root': '/home/david/Documents/_David/_Coursera/LinuxSystemProgramming/assignments-Urususu'
[2025-01-30 20:17:42Z INFO HostContext] Well known config file 'Runner': '/home/david/Documents/_David/_Coursera/LinuxSystemProgramming/assignments-Urususu/.runner'
[2025-01-30 20:17:42Z INFO Listener] Runner is built for Linux (X64) - linux-x64.
[2025-01-30 20:17:42Z INFO Listener] RuntimeInformation: Linux 6.8.0-51-generic #52~22.04.1-Ubuntu SMP PREEMPT_DYNAMIC Mon Dec  9 15:00:52 UTC 2.
[2025-01-30 20:17:42Z INFO Listener] Version: 2.319.1
[2025-01-30 20:17:42Z INFO Listener] Commit: bc6614c04d3ddc20e5ca5d5a87ae2b58dda322ec
[2025-01-30 20:17:42Z INFO Listener] Culture: en-US
[2025-01-30 20:17:42Z INFO Listener] UI Culture: en-US
[2025-01-30 20:17:42Z INFO HostContext] Well known directory 'Bin': '/home/david/Documents/_David/_Coursera/LinuxSystemProgramming/assignments-Urususu/bin'
[2025-01-30 20:17:42Z INFO HostContext] Well known directory 'Root': '/home/david/Documents/_David/_Coursera/LinuxSystemProgramming/assignments-Urususu'
[2025-01-30 20:17:42Z INFO Listener] Validating directory permissions for: '/home/david/Documents/_David/_Coursera/LinuxSystemProgramming/assignments-Urususu'
[2025-01-30 20:17:42Z INFO CommandLineParser] Parse
[2025-01-30 20:17:42Z INFO CommandLineParser] Parsing 1 args
[2025-01-30 20:17:42Z INFO CommandLineParser] parsing argument
[2025-01-30 20:17:42Z INFO CommandLineParser] HasArgs: False
[2025-01-30 20:17:42Z INFO CommandLineParser] Adding Command: run
[2025-01-30 20:17:42Z INFO Listener] Arguments parsed
[2025-01-30 20:17:42Z INFO Runner] ExecuteCommand
[2025-01-30 20:17:42Z INFO ConfigurationStore] currentAssemblyLocation: /home/david/Documents/_David/_Coursera/LinuxSystemProgramming/assignments-Urususu/bin/Runner.Listener.dll
[2025-01-30 20:17:42Z INFO HostContext] Well known directory 'Bin': '/home/david/Documents/_David/_Coursera/LinuxSystemProgramming/assignments-Urususu/bin'
[2025-01-30 20:17:42Z INFO ConfigurationStore] binPath: /home/david/Documents/_David/_Coursera/LinuxSystemProgramming/assignments-Urususu/bin
[2025-01-30 20:17:42Z INFO HostContext] Well known directory 'Bin': '/home/david/Documents/_David/_Coursera/LinuxSystemProgramming/assignments-Urususu/bin'
[2025-01-30 20:17:42Z INFO HostContext] Well known directory 'Root': '/home/david/Documents/_David/_Coursera/LinuxSystemProgramming/assignments-Urususu'
[2025-01-30 20:17:42Z INFO ConfigurationStore] RootFolder: /home/david/Documents/_David/_Coursera/LinuxSystemProgramming/assignments-Urususu
[2025-01-30 20:17:42Z INFO HostContext] Well known directory 'Bin': '/home/david/Documents/_David/_Coursera/LinuxSystemProgramming/assignments-Urususu/bin'
[2025-01-30 20:17:42Z INFO HostContext] Well known directory 'Root': '/home/david/Documents/_David/_Coursera/LinuxSystemProgramming/assignments-Urususu'
[2025-01-30 20:17:42Z INFO HostContext] Well known config file 'Runner': '/home/david/Documents/_David/_Coursera/LinuxSystemProgramming/assignments-Urususu/.runner'
[2025-01-30 20:17:42Z INFO ConfigurationStore] ConfigFilePath: /home/david/Documents/_David/_Coursera/LinuxSystemProgramming/assignments-Urususu/.runner
[2025-01-30 20:17:42Z INFO HostContext] Well known directory 'Bin': '/home/david/Documents/_David/_Coursera/LinuxSystemProgramming/assignments-Urususu/bin'
[2025-01-30 20:17:42Z INFO HostContext] Well known directory 'Root': '/home/david/Documents/_David/_Coursera/LinuxSystemProgramming/assignments-Urususu'
[2025-01-30 20:17:42Z INFO HostContext] Well known config file 'Credentials': '/home/david/Documents/_David/_Coursera/LinuxSystemProgramming/assignments-Urususu/.credentials'
[2025-01-30 20:17:42Z INFO ConfigurationStore] CredFilePath: /home/david/Documents/_David/_Coursera/LinuxSystemProgramming/assignments-Urususu/.credentials
[2025-01-30 20:17:42Z INFO HostContext] Well known directory 'Bin': '/home/david/Documents/_David/_Coursera/LinuxSystemProgramming/assignments-Urususu/bin'
[2025-01-30 20:17:42Z INFO HostContext] Well known directory 'Root': '/home/david/Documents/_David/_Coursera/LinuxSystemProgramming/assignments-Urususu'
[2025-01-30 20:17:42Z INFO HostContext] Well known config file 'MigratedCredentials': '/home/david/Documents/_David/_Coursera/LinuxSystemProgramming/assignments-Urususu/.credentials_migrated'
[2025-01-30 20:17:42Z INFO ConfigurationStore] MigratedCredFilePath: /home/david/Documents/_David/_Coursera/LinuxSystemProgramming/assignments-Urususu/.credentials_migrated
[2025-01-30 20:17:42Z INFO HostContext] Well known directory 'Bin': '/home/david/Documents/_David/_Coursera/LinuxSystemProgramming/assignments-Urususu/bin'
[2025-01-30 20:17:42Z INFO HostContext] Well known directory 'Root': '/home/david/Documents/_David/_Coursera/LinuxSystemProgramming/assignments-Urususu'
[2025-01-30 20:17:42Z INFO HostContext] Well known config file 'Service': '/home/david/Documents/_David/_Coursera/LinuxSystemProgramming/assignments-Urususu/.service'
[2025-01-30 20:17:42Z INFO ConfigurationStore] ServiceConfigFilePath: /home/david/Documents/_David/_Coursera/LinuxSystemProgramming/assignments-Urususu/.service
[2025-01-30 20:17:42Z INFO CommandSettings] Flag 'help': 'False'
[2025-01-30 20:17:42Z INFO CommandSettings] Flag 'version': 'False'
[2025-01-30 20:17:42Z INFO CommandSettings] Flag 'commit': 'False'
[2025-01-30 20:17:42Z INFO CommandSettings] Flag 'check': 'False'
[2025-01-30 20:17:42Z INFO CommandSettings] Command 'configure': 'False'
[2025-01-30 20:17:42Z INFO CommandSettings] Command 'remove': 'False'
[2025-01-30 20:17:42Z INFO CommandSettings] Command 'warmup': 'False'
[2025-01-30 20:17:42Z INFO ConfigurationManager] LoadSettings
[2025-01-30 20:17:42Z INFO ConfigurationStore] IsConfigured()
[2025-01-30 20:17:42Z INFO ConfigurationStore] IsConfigured: True
[2025-01-30 20:17:42Z INFO ConfigurationManager] Is configured: True
[2025-01-30 20:17:42Z INFO ConfigurationStore] Read setting file: 313 chars
[2025-01-30 20:17:42Z INFO ConfigurationManager] Settings Loaded
[2025-01-30 20:17:42Z INFO ConfigurationStore] IsServiceConfigured()
[2025-01-30 20:17:42Z INFO ConfigurationStore] IsServiceConfigured: False
[2025-01-30 20:17:42Z INFO CommandSettings] Command 'run': 'True'
[2025-01-30 20:17:42Z INFO ConfigurationStore] IsConfigured()
[2025-01-30 20:17:42Z INFO ConfigurationStore] IsConfigured: True
[2025-01-30 20:17:42Z INFO ConfigurationManager] Is configured: True
[2025-01-30 20:17:42Z INFO Runner] Could not parse the argument value '' for StartupType. Defaulting to Manual
[2025-01-30 20:17:42Z INFO Runner] Set runner startup type - Manual
[2025-01-30 20:17:42Z INFO CommandSettings] Flag 'once': 'False'
[2025-01-30 20:17:42Z INFO CommandSettings] Flag 'once': 'False'
[2025-01-30 20:17:42Z INFO Runner] RunAsync
[2025-01-30 20:17:42Z INFO ConfigurationManager] LoadSettings
[2025-01-30 20:17:42Z INFO ConfigurationStore] IsConfigured()
[2025-01-30 20:17:42Z INFO ConfigurationStore] IsConfigured: True
[2025-01-30 20:17:42Z INFO ConfigurationManager] Is configured: True
[2025-01-30 20:17:42Z INFO ConfigurationManager] Settings Loaded
[2025-01-30 20:17:42Z INFO MessageListener] {
  "AgentId": 24,
  "AgentName": "david-MS-7D17",
  "PoolId": 1,
  "PoolName": "Default",
  "ServerUrl": "https://pipelinesghubeus8.actions.githubusercontent.com/M9QwIr1AdwCqtJ8AS23L5v8BLnxhKTbeRUaPbdPL3l4YTeQyAO/",
  "GitHubUrl": "https://github.com/cu-ecen-aeld/assignment-1-Urususu",
  "WorkFolder": "_work"
}
[2025-01-30 20:17:42Z INFO MessageListener] Loading Credentials
[2025-01-30 20:17:42Z INFO ConfigurationStore] HasCredentials()
[2025-01-30 20:17:42Z INFO ConfigurationStore] stored True
[2025-01-30 20:17:42Z INFO CredentialManager] GetCredentialProvider
[2025-01-30 20:17:42Z INFO CredentialManager] Creating type OAuth
[2025-01-30 20:17:42Z INFO CredentialManager] Creating credential type: OAuth
[2025-01-30 20:17:42Z INFO HostContext] Well known directory 'Bin': '/home/david/Documents/_David/_Coursera/LinuxSystemProgramming/assignments-Urususu/bin'
[2025-01-30 20:17:42Z INFO HostContext] Well known directory 'Root': '/home/david/Documents/_David/_Coursera/LinuxSystemProgramming/assignments-Urususu'
[2025-01-30 20:17:42Z INFO HostContext] Well known config file 'RSACredentials': '/home/david/Documents/_David/_Coursera/LinuxSystemProgramming/assignments-Urususu/.credentials_rsaparams'
[2025-01-30 20:17:42Z INFO RSAFileKeyManager] Loading RSA key parameters from file /home/david/Documents/_David/_Coursera/LinuxSystemProgramming/assignments-Urususu/.credentials_rsaparams
[2025-01-30 20:17:43Z INFO MessageListener] Attempt to create session.
[2025-01-30 20:17:43Z INFO MessageListener] Connecting to the Runner Server...
[2025-01-30 20:17:43Z INFO RunnerServer] EstablishVssConnection
[2025-01-30 20:17:43Z INFO RunnerServer] Establish connection with 100 seconds timeout.
[2025-01-30 20:17:43Z INFO GitHubActionsService] Starting operation Location.GetConnectionData
[2025-01-30 20:17:43Z INFO RunnerServer] EstablishVssConnection
[2025-01-30 20:17:43Z INFO RunnerServer] Establish connection with 60 seconds timeout.
[2025-01-30 20:17:43Z INFO GitHubActionsService] Starting operation Location.GetConnectionData
[2025-01-30 20:17:43Z INFO RunnerServer] EstablishVssConnection
[2025-01-30 20:17:43Z INFO RunnerServer] Establish connection with 60 seconds timeout.
[2025-01-30 20:17:43Z INFO GitHubActionsService] Starting operation Location.GetConnectionData
[2025-01-30 20:17:44Z INFO GitHubActionsService] Finished operation Location.GetConnectionData
[2025-01-30 20:17:44Z INFO GitHubActionsService] Finished operation Location.GetConnectionData
[2025-01-30 20:17:44Z INFO GitHubActionsService] Finished operation Location.GetConnectionData
[2025-01-30 20:17:44Z INFO MessageListener] VssConnection created
[2025-01-30 20:17:44Z INFO Terminal] WRITE LINE: 
[2025-01-30 20:17:44Z INFO Terminal] WRITE LINE: 
[2025-01-30 20:17:44Z INFO RSAFileKeyManager] Loading RSA key parameters from file /home/david/Documents/_David/_Coursera/LinuxSystemProgramming/assignments-Urususu/.credentials_rsaparams
[2025-01-30 20:17:44Z INFO RSAFileKeyManager] Loading RSA key parameters from file /home/david/Documents/_David/_Coursera/LinuxSystemProgramming/assignments-Urususu/.credentials_rsaparams
[2025-01-30 20:17:45Z ERR  GitHubActionsService] POST request to https://tokenghub.actions.githubusercontent.com/_apis/oauth2/token/b9172de4-d133-4dca-9047-8c369c73b894 failed. HTTP Status: BadRequest
[2025-01-30 20:17:45Z INFO GitHubActionsService] AAD Correlation ID for this token request: Unknown
[2025-01-30 20:17:45Z ERR  MessageListener] Catch exception during create session.
[2025-01-30 20:17:45Z ERR  MessageListener] GitHub.Services.OAuth.VssOAuthTokenRequestException: Registration was not found or is not medium trust. ClientType: 
   at GitHub.Services.OAuth.VssOAuthTokenProvider.OnGetTokenAsync(IssuedToken failedToken, CancellationToken cancellationToken)
   at GitHub.Services.Common.IssuedTokenProvider.GetTokenOperation.GetTokenAsync(VssTraceActivity traceActivity)
   at GitHub.Services.Common.IssuedTokenProvider.GetTokenAsync(IssuedToken failedToken, CancellationToken cancellationToken)
   at GitHub.Services.Common.VssHttpMessageHandler.SendAsync(HttpRequestMessage request, CancellationToken cancellationToken)
   at GitHub.Services.Common.VssHttpRetryMessageHandler.SendAsync(HttpRequestMessage request, CancellationToken cancellationToken)
   at System.Net.Http.HttpClient.<SendAsync>g__Core|83_0(HttpRequestMessage request, HttpCompletionOption completionOption, CancellationTokenSource cts, Boolean disposeCts, CancellationTokenSource pendingRequestsCts, CancellationToken originalCancellationToken)
   at GitHub.Services.WebApi.VssHttpClientBase.SendAsync(HttpRequestMessage message, HttpCompletionOption completionOption, Object userState, CancellationToken cancellationToken)
   at GitHub.Services.WebApi.VssHttpClientBase.SendAsync[T](HttpRequestMessage message, Object userState, CancellationToken cancellationToken)
   at GitHub.Services.WebApi.VssHttpClientBase.SendAsync[T](HttpMethod method, IEnumerable`1 additionalHeaders, Guid locationId, Object routeValues, ApiResourceVersion version, HttpContent content, IEnumerable`1 queryParameters, Object userState, CancellationToken cancellationToken)
   at GitHub.Runner.Listener.MessageListener.CreateSessionAsync(CancellationToken token)
[2025-01-30 20:17:45Z ERR  MessageListener] Test oauth app registration.
[2025-01-30 20:17:45Z INFO RSAFileKeyManager] Loading RSA key parameters from file /home/david/Documents/_David/_Coursera/LinuxSystemProgramming/assignments-Urususu/.credentials_rsaparams
[2025-01-30 20:17:45Z ERR  GitHubActionsService] POST request to https://tokenghub.actions.githubusercontent.com/_apis/oauth2/token/b9172de4-d133-4dca-9047-8c369c73b894 failed. HTTP Status: BadRequest
[2025-01-30 20:17:45Z INFO GitHubActionsService] AAD Correlation ID for this token request: Unknown
[2025-01-30 20:17:45Z INFO MessageListener] Retriable exception: Registration was not found or is not medium trust. ClientType: 
[2025-01-30 20:17:45Z ERR  Terminal] WRITE ERROR: 2025-01-30 20:17:45Z: Runner connect error: Registration was not found or is not medium trust. ClientType: . Retrying until reconnected.
[2025-01-30 20:17:45Z INFO MessageListener] Sleeping for 30 seconds before retrying.
[2025-01-30 20:17:47Z INFO Terminal] WRITE LINE: Exiting...
[2025-01-30 20:17:47Z INFO ConfigurationStore] IsServiceConfigured()
[2025-01-30 20:17:47Z INFO ConfigurationStore] IsServiceConfigured: False
[2025-01-30 20:17:47Z INFO HostContext] Runner will be shutdown for UserCancelled
[2025-01-30 20:17:47Z INFO Listener] Runner execution been cancelled.
